<?xml version="1.0" encoding="UTF-8"?>
<testsuite xmlns:xsi="http://www.w3.org/2001/XMLSchema-instance" xsi:noNamespaceSchemaLocation="https://maven.apache.org/surefire/maven-surefire-plugin/xsd/surefire-test-report.xsd" name="dev.cdevents.CDEventTypesTest" time="0.089" tests="8" errors="0" skipped="0" failures="0">
  <properties>
[...]
</properties>
  <testcase name="createServiceEventTest" classname="dev.cdevents.CDEventTypesTest" time="0.08"/>
  <testcase name="createTestEventTest" classname="dev.cdevents.CDEventTypesTest" time="0.001"/>
  <testcase name="createPipelineRunEventTest" classname="dev.cdevents.CDEventTypesTest" time="0.001"/>
  <testcase name="createEnvironmentEventTest" classname="dev.cdevents.CDEventTypesTest" time="0.001"/>
  <testcase name="createRepositoryEventTest" classname="dev.cdevents.CDEventTypesTest" time="0"/>
  <testcase name="createTaskRunEventTest" classname="dev.cdevents.CDEventTypesTest" time="0"/>
  <testcase name="createBuildEventTest" classname="dev.cdevents.CDEventTypesTest" time="0.001"/>
  <testcase name="createArtifactEventTest" classname="dev.cdevents.CDEventTypesTest" time="0.001"/>
</testsuite>